<?xml version="1.0" encoding="UTF-8"?>
<testng-results total="1" passed="1" failed="0" skipped="0">
  <reporter-output>
  </reporter-output>
  <suite started-at="2022-08-04T13:54:14Z" name="Surefire suite" finished-at="2022-08-04T13:54:38Z" duration-ms="23471">
    <groups>
    </groups>
    <test started-at="2022-08-04T13:54:14Z" name="Surefire test" finished-at="2022-08-04T13:54:38Z" duration-ms="23471">
      <class name="Framework.TestProject.TestCases">
        <test-method signature="TC01()[pri:0, instance:Framework.TestProject.TestCases@74235045]" started-at="2022-08-04T19:24:14Z" name="TC01" finished-at="2022-08-04T19:24:38Z" duration-ms="23460" status="PASS">
          <reporter-output>
          </reporter-output>
        </test-method> <!-- TC01 -->
      </class> <!-- Framework.TestProject.TestCases -->
    </test> <!-- Surefire test -->
  </suite> <!-- Surefire suite -->
</testng-results>
